[2026-02-15 19:25:48] URL: https://documentacao.senior.com.br/senior-flow/manual-do-usuario/
AURA: Para começar no Senior Flow, explore a seção "Conteúdo" para entender o básico. Depois, avance para "Manuais das Soluções Senior Flow" para dominar as funcionalidades. Produtividade é a chave!
--------------------------------------------------
[2026-02-15 19:26:18] URL: https://documentacao.senior.com.br/senior-flow/manual-do-usuario/
AURA: Quer saber mais sobre as soluções? Clique em "Manuais das Soluções Senior Flow". Lá você encontra guias para GED, SIGN, BPM e mais. Use os manuais para tirar o máximo das ferramentas! 😉

--------------------------------------------------
[2026-02-15 19:26:41] URL: https://documentacao.senior.com.br/seniorxplatform/manual-do-usuario/ged/
AURA: Para começar, veja a seção "Primeiro Acesso". Lá, você encontra "Tour Guiado" e checklists para te ajudar na digitalização e implantação.
--------------------------------------------------
[2026-02-15 19:29:37] URL: https://documentacao.senior.com.br/seniorxplatform/manual-do-usuario/ged/#utilizando%20o%20ged/gerenciar-documentos.htm
AURA: Para achar um documento rapidinho, use a barra de pesquisa do GED. Digite o título, descrição ou o nome do autor. Isso otimiza sua busca!
--------------------------------------------------
[2026-02-15 19:30:19] URL: https://documentacao.senior.com.br/seniorxplatform/manual-do-usuario/ged/#utilizando%20o%20ged/gerenciar-documentos.htm
AURA: Para editar as propriedades de um documento, ele deve estar com status "Pendente" ou "Em Revisão". Navegue até a pasta onde o arquivo está localizado. Personalize informações como Nome, Autor e Assunto.
--------------------------------------------------
[2026-02-15 19:30:43] URL: https://documentacao.senior.com.br/seniorxplatform/manual-do-usuario/ged/#utilizando%20o%20ged/gerenciar-documentos.htm
AURA: Para carregar arquivos no GED, vá em Senior X > Senior Flow > GED > Documentos e clique em Upload. Atenção ao tamanho: o limite é 100 MB. Fique de olho na fila de arquivos para acompanhar o carregamento.
--------------------------------------------------
[2026-02-15 19:31:09] URL: https://documentacao.senior.com.br/seniorxplatform/manual-do-usuario/ged/#utilizando%20o%20ged/gerenciar-documentos.htm
AURA: Para publicar, preencha as propriedades do documento, defina as permissões de acesso.

Importante: títulos com "+" ou "#" impedem a publicação.

Para detalhes, veja o manual no link.
--------------------------------------------------
[2026-02-15 19:35:22] URL: https://documentacao.senior.com.br/senior-flow/manual-do-usuario/
AURA: Pra achar a documentação de cada solução Senior Flow, clique nos ícones em "Manuais das Soluções Senior Flow". Lá tem GED, SIGN, BPM, CONNECT e BOT. Facilita a busca!
--------------------------------------------------
[2026-02-15 19:35:25] URL: https://documentacao.senior.com.br/senior-flow/manual-do-usuario/
AURA: Para achar a documentação de cada solução, clique nos ícones em "Manuais das Soluções Senior Flow". Lá você encontra GED, SIGN, BPM, CONNECT e BOT. Facilita a busca!
--------------------------------------------------
[2026-02-15 19:35:28] URL: https://documentacao.senior.com.br/senior-flow/manual-do-usuario/
AURA: Direto ao ponto: precisa de ajuda com alguma solução específica do Senior Flow?

Os manuais estão organizados por produto: GED, SIGN, BPM, etc.

Comece explorando a seção correspondente à sua necessidade.
--------------------------------------------------
[2026-02-15 19:35:37] URL: https://documentacao.senior.com.br/senior-flow/manual-do-usuario/
AURA: Identifique a solução que você precisa em "Manuais das Soluções Senior Flow". Lá tem GED, SIGN, BPM, CONNECT e BOT. Acesse direto! 😉
--------------------------------------------------
[2026-02-15 19:35:48] URL: https://documentacao.senior.com.br/seniorxplatform/manual-do-usuario/sign-studio/
AURA: A documentação do Senior Flow > SIGN está organizada por tópicos. Use a barra de pesquisa para encontrar informações específicas rapidamente. Explore os ícones para navegar pelas categorias de conteúdo.
--------------------------------------------------
[2026-02-15 19:36:10] URL: https://documentacao.senior.com.br/seniorxplatform/manual-do-usuario/sign-studio/
AURA: A tela inicial do Senior Flow te dá um panorama.

Explore a seção "Conteúdo" para guias e documentos.

Clique nos ícones para acessar rapidamente os recursos.
--------------------------------------------------
[2026-02-15 21:37:08] URL: https://documentacao.senior.com.br/
AURA: Para encontrar rapidamente o que precisa, use a barra de pesquisa "Qual é a sua dúvida?". Se preferir, explore as categorias de produtos logo abaixo. Isso vai direto ao ponto!
--------------------------------------------------
[2026-02-15 21:47:05] URL: https://documentacao.senior.com.br/
AURA: Precisa de ajuda rápida? Use o chat com IA.
Se preferir, a barra de pesquisa é sua amiga.
Encontre a documentação certa rapidinho!
--------------------------------------------------
[2026-02-15 21:47:08] URL: https://documentacao.senior.com.br/
AURA: Para achar a solução mais rápido, use a barra de pesquisa "Qual é a sua dúvida?". Se precisar de ajuda imediata, clique em "Abrir chat com IA". Consulte os ícones temáticos para navegar pelas áreas de conhecimento.
--------------------------------------------------
[2026-02-15 21:48:33] URL: https://documentacao.senior.com.br/
AURA: Vai direto ao ponto: use a barra de pesquisa "Qual é a sua dúvida?" para encontrar o que precisa. Digite sua pergunta ali! Se preferir, clique em "Abrir chat com IA".
--------------------------------------------------
[2026-02-15 21:48:42] URL: https://documentacao.senior.com.br/
AURA: Direto ao ponto: Precisa de ajuda rápida? Clique em "Abrir chat com IA++". Senão, use a barra de busca para encontrar a documentação específica. Produtividade é tudo!
--------------------------------------------------
[2026-02-15 21:49:10] URL: https://documentacao.senior.com.br/
AURA: Use a barra de busca "Qual é a sua dúvida?" para encontrar a documentação específica que você precisa. Se preferir, experimente o chat com IA para obter respostas rápidas. Explore também os ícones abaixo para acessar as áreas temáticas.
--------------------------------------------------
[2026-02-15 21:49:14] URL: https://documentacao.senior.com.br/
AURA: Pra achar o que precisa, use a barra de busca "Qual é a sua dúvida?". Se preferir, o chat com IA responde rapidinho. Explore os ícones abaixo para ver as áreas temáticas.
--------------------------------------------------
[2026-02-15 21:49:17] URL: https://documentacao.senior.com.br/
AURA: Use a barra de pesquisa para encontrar rapidamente a documentação. Se precisar de ajuda imediata, experimente o chat com IA. Explore também os ícones temáticos para acesso rápido.
--------------------------------------------------
[2026-02-15 21:49:20] URL: https://documentacao.senior.com.br/
AURA: Use a barra de pesquisa com exemplos como "como recuperar minha senha" para achar a resposta direto. Se precisar, clique em "Abrir chat com IA" para um suporte guiado. Explore os ícones temáticos para navegar por área de produto.
--------------------------------------------------
[2026-02-15 21:49:23] URL: https://documentacao.senior.com.br/#home.htm#flow
AURA: Quer começar no Senior Flow?

Acesse o "Manual do Usuário" para um guia completo. Se precisar de mais, veja as "Notas da Versão" para novidades.
--------------------------------------------------
[2026-02-15 21:49:44] URL: https://documentacao.senior.com.br/bpm/7.0.0/
AURA: Direto ao ponto: Explore a seção "Primeiro Acesso" para um guia rápido de implantação e primeiros passos no Senior Flow. Depois, navegue pelo "Conteúdo" para soluções, processos e configurações. Agilize sua jornada!

--------------------------------------------------
[2026-02-15 21:50:04] URL: https://documentacao.senior.com.br/bpm/7.0.0/#solucao.htm
AURA: Use a busca no topo da página para encontrar informações específicas rapidamente. Filtre os resultados para refinar sua pesquisa. Isso vai te poupar tempo de leitura desnecessária.
--------------------------------------------------
[2026-02-15 21:50:17] URL: https://documentacao.senior.com.br/bpm/7.0.0/#solucao.htm
AURA: Direto ao ponto: BPM otimiza tarefas e processos.

Use o BPM para automatizar e modelar seus processos de negócio.

Integre com G5 e G6 para ampliar a eficiência.
--------------------------------------------------
[2026-02-15 21:50:32] URL: https://documentacao.senior.com.br/bpm/7.0.0/#solucao.htm
AURA: Para aumentar a produtividade no BPM, foque em automatizar tarefas e otimizar o fluxo de trabalho. Utilize as integrações com sistemas G5 e G6 para centralizar informações. Simplifique os formulários para diminuir o tráfego e agilizar processos.
--------------------------------------------------
[2026-02-15 21:50:46] URL: https://documentacao.senior.com.br/bpm/7.0.0/#solucao.htm
AURA: A modelagem, automatização e melhorias contínuas nos processos de negócio são o foco do BPM. Centralize e padronize as tarefas para diminuir o "tráfego" de formulários. Use os indicadores (Analytics) para gerenciar tarefas pendentes e em atraso.
--------------------------------------------------
[2026-02-15 21:51:23] URL: https://documentacao.senior.com.br/bpm/7.0.0/#solucao.htm
AURA: Direto ao ponto: BPM facilita a modelagem, automatização e melhoria contínua de processos. Usuários recebem tarefas simplificadas e centralizadas. O BPM também permite iniciar solicitações, configurar processos e integrar com sistemas G5 e G6.
--------------------------------------------------
[2026-02-15 21:51:25] URL: https://documentacao.senior.com.br/bpm/7.0.0/#solucao.htm
AURA: Direto ao ponto: O BPM simplifica suas tarefas e centraliza tudo. Inicie novas solicitações via BPM, crie processos e integre com os sistemas G5 e G6. Com ele, tudo fica mais rápido e prático.
--------------------------------------------------
[2026-02-15 21:51:36] URL: https://documentacao.senior.com.br/bpm/7.0.0/#solucao.htm
AURA: O BPM facilita a modelagem, automatização e melhoria contínua de processos. Com ele, você centraliza tarefas e reduz o tráfego de formulários. Explore as opções para iniciar solicitações, configurar processos e integrar sistemas.
--------------------------------------------------
[2026-02-15 21:52:03] URL: https://documentacao.senior.com.br/bpm/7.0.0/#solucao.htm
AURA: Para otimizar seu BPM, foque na modelagem e automatização de processos. Simplifique tarefas e centralize formulários para diminuir o tráfego. Use os indicadores (Analytics) para acompanhar o desempenho.
--------------------------------------------------
[2026-02-15 21:52:06] URL: https://documentacao.senior.com.br/bpm/7.0.0/#solucao.htm
AURA: A documentação do BPM Senior te ajuda a modelar, automatizar e otimizar processos. Explore as opções para iniciar solicitações, configurar processos e integrar sistemas G5/G6. Use a busca para encontrar tópicos específicos!

--------------------------------------------------
[2026-02-15 22:07:35] URL: https://documentacao.senior.com.br/bpm/7.0.0/#solucao.htm
AURA: Para otimizar processos no BPM, foque na modelagem, automatização e melhorias contínuas. Simplifique tarefas e centralize formulários. Explore os indicadores Analytics para identificar gargalos.
--------------------------------------------------
